<?xml version="1.0" encoding="UTF-8"?>
<!-- Generated by org.testng.reporters.JUnitReportReporter -->
<testsuite hostname="LAPTOP-28NUUKQ4" failures="0" tests="1" name="com.testautomation.apitesting.PostAPIRequest" time="3.133" errors="0" timestamp="2024-05-10T12:57:34 CEST" skipped="0">
  <testcase classname="com.testautomation.apitesting.PostAPIRequest" name="createBooking" time="3.133"/>
  <system-out/>
</testsuite> <!-- com.testautomation.apitesting.PostAPIRequest -->
